c:\users\logh\source\repos\directx2d_issac\x64\debug\directx2d_issac.pdb
c:\users\logh\source\repos\directx2d_issac\x64\debug\directx2d_issac.idb
c:\users\logh\source\repos\directx2d_issac\directx2d_issac\x64\debug\directx2d_issac.obj
d:\gitfork\directx2d_issac\directx2d_issac\x64\debug\vc143.pdb
d:\gitfork\directx2d_issac\directx2d_issac\x64\debug\vc143.idb
d:\gitfork\directx2d_issac\directx2d_issac\x64\debug\directx2d_issac.obj
c:\users\logh\source\repos\directx2d_issac\x64\debug\directx2d_issac.lib
c:\users\logh\source\repos\directx2d_issac\directx2d_issac\x64\debug\directx2d_issac1.res
d:\gitfork\directx2d_issac\directx2d_issac\x64\debug\directx2d_issac1.res
d:\gitfork\directx2d_issac\x64\debug\directx2d_issac.pdb
d:\gitfork\directx2d_issac\directx2d_issac\x64\debug\directx2d_issac.tlog\cl.command.1.tlog
d:\gitfork\directx2d_issac\directx2d_issac\x64\debug\directx2d_issac.tlog\cl.items.tlog
d:\gitfork\directx2d_issac\directx2d_issac\x64\debug\directx2d_issac.tlog\cl.read.1.tlog
d:\gitfork\directx2d_issac\directx2d_issac\x64\debug\directx2d_issac.tlog\cl.write.1.tlog
d:\gitfork\directx2d_issac\directx2d_issac\x64\debug\directx2d_issac.tlog\lib-link-cvtres.read.1.tlog
d:\gitfork\directx2d_issac\directx2d_issac\x64\debug\directx2d_issac.tlog\lib-link-cvtres.write.1.tlog
d:\gitfork\directx2d_issac\directx2d_issac\x64\debug\directx2d_issac.tlog\lib.command.1.tlog
d:\gitfork\directx2d_issac\directx2d_issac\x64\debug\directx2d_issac.tlog\link.command.1.tlog
d:\gitfork\directx2d_issac\directx2d_issac\x64\debug\directx2d_issac.tlog\link.read.1.tlog
d:\gitfork\directx2d_issac\directx2d_issac\x64\debug\directx2d_issac.tlog\link.write.1.tlog
d:\gitfork\directx2d_issac\directx2d_issac\x64\debug\directx2d_issac.tlog\rc.command.1.tlog
d:\gitfork\directx2d_issac\directx2d_issac\x64\debug\directx2d_issac.tlog\rc.read.1.tlog
d:\gitfork\directx2d_issac\directx2d_issac\x64\debug\directx2d_issac.tlog\rc.write.1.tlog
